<?xml version="1.0" encoding="UTF-8"?>
<!-- Generated by org.testng.reporters.JUnitXMLReporter -->
<testsuite ignored="0" hostname="mslwnyn" failures="1" tests="4" name="Create Account: HomePage" time="35.326" errors="0" timestamp="26 Dec 2019 13:25:39 GMT">
  <testcase classname="za.co.tshimx.fnb.testcases.BaseTest" name="@AfterTest closeBrowser" time="0.0">
    <failure type="java.lang.NullPointerException">
      <![CDATA[java.lang.NullPointerException
at za.co.tshimx.fnb.testcases.BaseTest.closeBrowser(BaseTest.java:101)
... Removed 27 stack frames]]>
    </failure>
  </testcase> <!-- @AfterTest closeBrowser -->
  <testcase classname="za.co.tshimx.fnb.testcases.HomePageTest" name="homePage" time="0.742"/>
  <testcase classname="za.co.tshimx.fnb.testcases.HomePageTest" name="createAccount" time="5.166"/>
  <testcase classname="za.co.tshimx.fnb.testcases.HomePageTest" name="register" time="13.597">
    <failure type="java.lang.AssertionError" message="Unable to locate element: //label[@class=&amp;apos;rc-anchor-center-item rc-anchor-checkbox-label&amp;apos;]
For documentation on this error, please visit: https://www.seleniumhq.org/exceptions/no_such_element.html
Build info: version: &amp;apos;3.141.59&amp;apos;, revision: &amp;apos;e82be7d358&amp;apos;, time: &amp;apos;2018-11-14T08:17:03&amp;apos;
System info: host: &amp;apos;MSLWNYN&amp;apos;, ip: &amp;apos;192.168.56.1&amp;apos;, os.name: &amp;apos;Windows 10&amp;apos;, os.arch: &amp;apos;amd64&amp;apos;, os.version: &amp;apos;10.0&amp;apos;, java.version: &amp;apos;11.0.2&amp;apos;
Driver info: org.openqa.selenium.firefox.FirefoxDriver
Capabilities {acceptInsecureCerts: true, browserName: firefox, browserVersion: 72.0, javascriptEnabled: true, moz:accessibilityChecks: false, moz:buildID: 20191221003008, moz:geckodriverVersion: 0.26.0, moz:headless: false, moz:processID: 9084, moz:profile: C:\Users\Tshimologo\AppData..., moz:shutdownTimeout: 60000, moz:useNonSpecCompliantPointerOrigin: false, moz:webdriverClick: true, pageLoadStrategy: normal, platform: WINDOWS, platformName: WINDOWS, platformVersion: 10.0, rotatable: false, setWindowRect: true, strictFileInteractability: false, timeouts: {implicit: 0, pageLoad: 300000, script: 30000}, unhandledPromptBehavior: dismiss and notify}
Session ID: 2a1b36c7-4850-4eb7-a3ff-3e6740cb55b1
*** Element info: {Using=xpath, value=//label[@class=&amp;apos;rc-anchor-center-item rc-anchor-checkbox-label&amp;apos;]}">
      <![CDATA[java.lang.AssertionError: Unable to locate element: //label[@class='rc-anchor-center-item rc-anchor-checkbox-label']
For documentation on this error, please visit: https://www.seleniumhq.org/exceptions/no_such_element.html
Build info: version: '3.141.59', revision: 'e82be7d358', time: '2018-11-14T08:17:03'
System info: host: 'MSLWNYN', ip: '192.168.56.1', os.name: 'Windows 10', os.arch: 'amd64', os.version: '10.0', java.version: '11.0.2'
Driver info: org.openqa.selenium.firefox.FirefoxDriver
Capabilities {acceptInsecureCerts: true, browserName: firefox, browserVersion: 72.0, javascriptEnabled: true, moz:accessibilityChecks: false, moz:buildID: 20191221003008, moz:geckodriverVersion: 0.26.0, moz:headless: false, moz:processID: 9084, moz:profile: C:\Users\Tshimologo\AppData..., moz:shutdownTimeout: 60000, moz:useNonSpecCompliantPointerOrigin: false, moz:webdriverClick: true, pageLoadStrategy: normal, platform: WINDOWS, platformName: WINDOWS, platformVersion: 10.0, rotatable: false, setWindowRect: true, strictFileInteractability: false, timeouts: {implicit: 0, pageLoad: 300000, script: 30000}, unhandledPromptBehavior: dismiss and notify}
Session ID: 2a1b36c7-4850-4eb7-a3ff-3e6740cb55b1
*** Element info: {Using=xpath, value=//label[@class='rc-anchor-center-item rc-anchor-checkbox-label']}
at za.co.tshimx.fnb.testcases.HomePageTest.register(HomePageTest.java:139)
... Removed 29 stack frames]]>
    </failure>
  </testcase> <!-- register -->
  <testcase classname="za.co.tshimx.fnb.api.APITest" name="getAPITestMethod" time="0.903"/>
</testsuite> <!-- Create Account: HomePage -->
